<?xml version="1.0" encoding="UTF-8"?>
<testsuite name="org.opentcs.kernel.workingset.ModelTest" tests="1" skipped="0" failures="0" errors="0" timestamp="2017-11-05T15:56:37" hostname="DESKTOP-UBTRRGA" time="0.047">
  <properties/>
  <testcase name="testGlobalPoolSynchronicity" classname="org.opentcs.kernel.workingset.ModelTest" time="0.047"/>
  <system-out><![CDATA[]]></system-out>
  <system-err><![CDATA[]]></system-err>
</testsuite>
