<?xml version="1.0" encoding="UTF-8"?>
<testsuite name="org.opentcs.kernel.vehicles.StandardVehicleManagerPoolTest" tests="4" skipped="0" failures="0" errors="0" timestamp="2018-01-13T16:14:02" hostname="DESKTOP-UBTRRGA" time="0.016">
  <properties/>
  <testcase name="testThrowsNPEIfCommAdapterIsNull" classname="org.opentcs.kernel.vehicles.StandardVehicleManagerPoolTest" time="0.0"/>
  <testcase name="testThrowsNPEIfVehicleNameIsNull" classname="org.opentcs.kernel.vehicles.StandardVehicleManagerPoolTest" time="0.0"/>
  <testcase name="testThrowsExceptionForUnknownVehicleName" classname="org.opentcs.kernel.vehicles.StandardVehicleManagerPoolTest" time="0.0"/>
  <testcase name="testThrowsNPEIfDetachingNullVehicleName" classname="org.opentcs.kernel.vehicles.StandardVehicleManagerPoolTest" time="0.016"/>
  <system-out><![CDATA[]]></system-out>
  <system-err><![CDATA[]]></system-err>
</testsuite>
