<?xml version="1.0" encoding="UTF-8"?>
<testsuite name="org.opentcs.kernel.QueriesTest" tests="1" skipped="0" failures="0" errors="0" timestamp="2018-01-13T16:14:01" hostname="DESKTOP-UBTRRGA" time="0.0">
  <properties/>
  <testcase name="testIfAllQueriesHaveAvailabilityAnnotations" classname="org.opentcs.kernel.QueriesTest" time="0.0"/>
  <system-out><![CDATA[]]></system-out>
  <system-err><![CDATA[]]></system-err>
</testsuite>
