<?xml version="1.0" encoding="UTF-8"?>
<testsuite name="org.opentcs.kernel.controlcenter.vehicles.AttachmentManagerTest" tests="5" skipped="0" failures="0" errors="0" timestamp="2018-01-13T16:13:59" hostname="DESKTOP-UBTRRGA" time="0.141">
  <properties/>
  <testcase name="shouldAoutoAttachToFirstAvailableAdapter" classname="org.opentcs.kernel.controlcenter.vehicles.AttachmentManagerTest" time="0.078"/>
  <testcase name="shouldDetachAdapterFromVehicle" classname="org.opentcs.kernel.controlcenter.vehicles.AttachmentManagerTest" time="0.016"/>
  <testcase name="shouldNotAttachUnknownVehicle" classname="org.opentcs.kernel.controlcenter.vehicles.AttachmentManagerTest" time="0.015"/>
  <testcase name="shouldAttachAdapterToVehicle" classname="org.opentcs.kernel.controlcenter.vehicles.AttachmentManagerTest" time="0.0"/>
  <testcase name="shoudAutoAttachAdapterToVehicle" classname="org.opentcs.kernel.controlcenter.vehicles.AttachmentManagerTest" time="0.0"/>
  <system-out><![CDATA[]]></system-out>
  <system-err><![CDATA[Jan 13, 2018 9:43:59 PM org.opentcs.kernel.controlcenter.vehicles.AttachmentManager attachAdapterToVehicle
WARNING: No vehicle entry found for 'UnknownVehicle'. Entries: org.opentcs.kernel.controlcenter.vehicles.VehicleEntryPool@77dba02b
]]></system-err>
</testsuite>
