<?xml version="1.0" encoding="UTF-8"?>
<testsuite name="org.opentcs.kernel.workingset.TCSObjectPoolTest" tests="12" skipped="0" failures="0" errors="0" timestamp="2017-12-23T19:36:55" hostname="DESKTOP-UBTRRGA" time="0.015">
  <properties/>
  <testcase name="shouldReturnObjectsByPattern" classname="org.opentcs.kernel.workingset.TCSObjectPoolTest" time="0.0"/>
  <testcase name="shouldRemoveObjectsByName" classname="org.opentcs.kernel.workingset.TCSObjectPoolTest" time="0.0"/>
  <testcase name="testUniqueNameGenerator" classname="org.opentcs.kernel.workingset.TCSObjectPoolTest" time="0.015"/>
  <testcase name="shouldEmitEventForCreatedObject" classname="org.opentcs.kernel.workingset.TCSObjectPoolTest" time="0.0"/>
  <testcase name="shouldRemoveObjectByRef" classname="org.opentcs.kernel.workingset.TCSObjectPoolTest" time="0.0"/>
  <testcase name="shouldReturnObjectByClassAndRef" classname="org.opentcs.kernel.workingset.TCSObjectPoolTest" time="0.0"/>
  <testcase name="shouldThrowIfAddingExistingName" classname="org.opentcs.kernel.workingset.TCSObjectPoolTest" time="0.0"/>
  <testcase name="shouldReturnObjectByClassAndName" classname="org.opentcs.kernel.workingset.TCSObjectPoolTest" time="0.0"/>
  <testcase name="shouldReturnObjectByRef" classname="org.opentcs.kernel.workingset.TCSObjectPoolTest" time="0.0"/>
  <testcase name="shouldReturnObjectByName" classname="org.opentcs.kernel.workingset.TCSObjectPoolTest" time="0.0"/>
  <testcase name="shouldReturnObjectsByClass" classname="org.opentcs.kernel.workingset.TCSObjectPoolTest" time="0.0"/>
  <testcase name="shouldReturnObjectsByClassAndPattern" classname="org.opentcs.kernel.workingset.TCSObjectPoolTest" time="0.0"/>
  <system-out><![CDATA[]]></system-out>
  <system-err><![CDATA[]]></system-err>
</testsuite>
