<?xml version="1.0" encoding="UTF-8"?>
<testsuite name="org.opentcs.kernel.workingset.AutoGrowingArrayListTest" tests="1" skipped="0" failures="0" errors="0" timestamp="2017-12-19T10:19:54" hostname="DESKTOP-UBTRRGA" time="0.005">
  <properties/>
  <testcase name="testIfListGrowsAutomatically" classname="org.opentcs.kernel.workingset.AutoGrowingArrayListTest" time="0.005"/>
  <system-out><![CDATA[]]></system-out>
  <system-err><![CDATA[]]></system-err>
</testsuite>
