<?xml version="1.0" encoding="UTF-8"?>
<testsuite name="org.opentcs.kernel.workingset.NotificationBufferTest" tests="2" skipped="0" failures="0" errors="0" timestamp="2017-11-05T15:56:37" hostname="DESKTOP-UBTRRGA" time="0.011">
  <properties/>
  <testcase name="testCapacityAndCutBackCount" classname="org.opentcs.kernel.workingset.NotificationBufferTest" time="0.01"/>
  <testcase name="testMessageCountValidity" classname="org.opentcs.kernel.workingset.NotificationBufferTest" time="0.001"/>
  <system-out><![CDATA[]]></system-out>
  <system-err><![CDATA[]]></system-err>
</testsuite>
