<?xml version="1.0" encoding="UTF-8"?>
<testsuite name="org.opentcs.kernel.controlcenter.vehicles.AttachmentManagerTest" tests="5" skipped="0" failures="0" errors="0" timestamp="2017-11-05T15:56:34" hostname="DESKTOP-UBTRRGA" time="0.145">
  <properties/>
  <testcase name="shouldAoutoAttachToFirstAvailableAdapter" classname="org.opentcs.kernel.controlcenter.vehicles.AttachmentManagerTest" time="0.074"/>
  <testcase name="shouldDetachAdapterFromVehicle" classname="org.opentcs.kernel.controlcenter.vehicles.AttachmentManagerTest" time="0.029"/>
  <testcase name="shouldNotAttachUnknownVehicle" classname="org.opentcs.kernel.controlcenter.vehicles.AttachmentManagerTest" time="0.036"/>
  <testcase name="shouldAttachAdapterToVehicle" classname="org.opentcs.kernel.controlcenter.vehicles.AttachmentManagerTest" time="0.001"/>
  <testcase name="shoudAutoAttachAdapterToVehicle" classname="org.opentcs.kernel.controlcenter.vehicles.AttachmentManagerTest" time="0.001"/>
  <system-out><![CDATA[]]></system-out>
  <system-err><![CDATA[Nov 05, 2017 9:26:35 PM org.opentcs.kernel.controlcenter.vehicles.AttachmentManager attachAdapterToVehicle
WARNING: No vehicle entry found for 'UnknownVehicle'. Entries: org.opentcs.kernel.controlcenter.vehicles.VehicleEntryPool@1b5d89d6
]]></system-err>
</testsuite>
