<?xml version="1.0" encoding="UTF-8"?>
<testsuite name="org.opentcs.documentation.CreateTransportOrderTest" tests="2" skipped="0" failures="0" errors="0" timestamp="2018-01-13T16:13:58" hostname="DESKTOP-UBTRRGA" time="0.047">
  <properties/>
  <testcase name="shouldCreateAndActivateTransportOrder" classname="org.opentcs.documentation.CreateTransportOrderTest" time="0.031"/>
  <testcase name="shouldCreateTransportOrderToAPoint" classname="org.opentcs.documentation.CreateTransportOrderTest" time="0.016"/>
  <system-out><![CDATA[]]></system-out>
  <system-err><![CDATA[]]></system-err>
</testsuite>
