<?xml version="1.0" encoding="UTF-8"?>
<testsuite name="org.opentcs.documentation.ReceiveCommAdapterMessageTest" tests="2" skipped="0" failures="0" errors="0" timestamp="2017-11-05T15:56:34" hostname="DESKTOP-UBTRRGA" time="0.01">
  <properties/>
  <testcase name="shouldReceiveMessageFromVehicle" classname="org.opentcs.documentation.ReceiveCommAdapterMessageTest" time="0.009"/>
  <testcase name="shouldReceiveMessageFromTransportOrder" classname="org.opentcs.documentation.ReceiveCommAdapterMessageTest" time="0.001"/>
  <system-out><![CDATA[]]></system-out>
  <system-err><![CDATA[]]></system-err>
</testsuite>
