<?xml version="1.0" encoding="UTF-8"?>
<testsuite name="org.opentcs.kernel.QueriesTest" tests="1" skipped="0" failures="0" errors="0" timestamp="2017-12-19T10:19:54" hostname="DESKTOP-UBTRRGA" time="0.003">
  <properties/>
  <testcase name="testIfAllQueriesHaveAvailabilityAnnotations" classname="org.opentcs.kernel.QueriesTest" time="0.003"/>
  <system-out><![CDATA[]]></system-out>
  <system-err><![CDATA[]]></system-err>
</testsuite>
