<?xml version="1.0" encoding="UTF-8"?>
<testsuite name="org.opentcs.documentation.CreateTransportOrderTest" tests="2" skipped="0" failures="0" errors="0" timestamp="2017-12-20T06:54:39" hostname="DESKTOP-UBTRRGA" time="0.012">
  <properties/>
  <testcase name="shouldCreateAndActivateTransportOrder" classname="org.opentcs.documentation.CreateTransportOrderTest" time="0.011"/>
  <testcase name="shouldCreateTransportOrderToAPoint" classname="org.opentcs.documentation.CreateTransportOrderTest" time="0.001"/>
  <system-out><![CDATA[]]></system-out>
  <system-err><![CDATA[]]></system-err>
</testsuite>
