<?xml version="1.0" encoding="UTF-8"?>
<testsuite name="org.opentcs.kernel.StandardKernelTest" tests="2" skipped="0" failures="0" errors="0" timestamp="2018-01-13T16:14:01" hostname="DESKTOP-UBTRRGA" time="0.375">
  <properties/>
  <testcase name="testStateSwitchToOperating" classname="org.opentcs.kernel.StandardKernelTest" time="0.375"/>
  <testcase name="testStateSwitchToModelling" classname="org.opentcs.kernel.StandardKernelTest" time="0.0"/>
  <system-out><![CDATA[]]></system-out>
  <system-err><![CDATA[Jan 13, 2018 9:44:02 PM org.opentcs.kernel.StandardKernel setState
INFO: Switching kernel to state 'OPERATING'
Jan 13, 2018 9:44:02 PM org.opentcs.kernel.StandardKernel setState
INFO: Switching kernel to state 'MODELLING'
]]></system-err>
</testsuite>
