<?xml version="1.0" encoding="UTF-8"?>
<testsuite name="org.opentcs.documentation.CreateTransportOrderSequenceTest" tests="1" skipped="0" failures="0" errors="0" timestamp="2017-12-20T06:54:38" hostname="DESKTOP-UBTRRGA" time="1.381">
  <properties/>
  <testcase name="shouldCreateTransportOrderSequence" classname="org.opentcs.documentation.CreateTransportOrderSequenceTest" time="1.381"/>
  <system-out><![CDATA[]]></system-out>
  <system-err><![CDATA[]]></system-err>
</testsuite>
