<?xml version="1.0" encoding="UTF-8"?>
<testsuite name="org.opentcs.kernel.StandardKernelTest" tests="2" skipped="0" failures="0" errors="0" timestamp="2017-12-20T06:54:42" hostname="DESKTOP-UBTRRGA" time="0.272">
  <properties/>
  <testcase name="testStateSwitchToOperating" classname="org.opentcs.kernel.StandardKernelTest" time="0.269"/>
  <testcase name="testStateSwitchToModelling" classname="org.opentcs.kernel.StandardKernelTest" time="0.003"/>
  <system-out><![CDATA[]]></system-out>
  <system-err><![CDATA[Dec 20, 2017 12:24:42 PM org.opentcs.kernel.StandardKernel setState
INFO: Switching kernel to state 'OPERATING'
Dec 20, 2017 12:24:42 PM org.opentcs.kernel.StandardKernel setState
INFO: Switching kernel to state 'MODELLING'
]]></system-err>
</testsuite>
