<?xml version="1.0" encoding="UTF-8"?>
<testsuite name="org.opentcs.documentation.WithdrawTransportOrderTest" tests="2" skipped="0" failures="0" errors="0" timestamp="2018-01-13T16:13:58" hostname="DESKTOP-UBTRRGA" time="0.0">
  <properties/>
  <testcase name="shouldWithdrawTransportOrder" classname="org.opentcs.documentation.WithdrawTransportOrderTest" time="0.0"/>
  <testcase name="shouldWithdrawTransportOrderByVehicle" classname="org.opentcs.documentation.WithdrawTransportOrderTest" time="0.0"/>
  <system-out><![CDATA[]]></system-out>
  <system-err><![CDATA[]]></system-err>
</testsuite>
