<?xml version="1.0" encoding="UTF-8"?>
<testsuite name="org.opentcs.kernel.workingset.NotificationBufferTest" tests="2" skipped="0" failures="0" errors="0" timestamp="2017-12-23T19:36:55" hostname="DESKTOP-UBTRRGA" time="0.016">
  <properties/>
  <testcase name="testCapacityAndCutBackCount" classname="org.opentcs.kernel.workingset.NotificationBufferTest" time="0.016"/>
  <testcase name="testMessageCountValidity" classname="org.opentcs.kernel.workingset.NotificationBufferTest" time="0.0"/>
  <system-out><![CDATA[]]></system-out>
  <system-err><![CDATA[]]></system-err>
</testsuite>
