<?xml version="1.0" encoding="UTF-8"?>
<testsuite name="org.opentcs.virtualvehicle.SimulatingEnergyStorageTest" tests="1" skipped="0" failures="0" errors="0" timestamp="2017-12-23T19:36:27" hostname="DESKTOP-UBTRRGA" time="0.0">
  <properties/>
  <testcase name="testInvariants" classname="org.opentcs.virtualvehicle.SimulatingEnergyStorageTest" time="0.0"/>
  <system-out><![CDATA[]]></system-out>
  <system-err><![CDATA[]]></system-err>
</testsuite>
