<?xml version="1.0" encoding="UTF-8"?>
<testsuite name="org.opentcs.util.UniqueStringGeneratorTest" tests="4" skipped="0" failures="0" errors="0" timestamp="2017-12-19T10:19:25" hostname="DESKTOP-UBTRRGA" time="0.105">
  <properties/>
  <testcase name="shouldProvideConfiguredPatterns" classname="org.opentcs.util.UniqueStringGeneratorTest" time="0.074"/>
  <testcase name="testNullPrefix" classname="org.opentcs.util.UniqueStringGeneratorTest" time="0.0"/>
  <testcase name="testRepeatedGenerationWithAddition" classname="org.opentcs.util.UniqueStringGeneratorTest" time="0.029"/>
  <testcase name="testRepeatedGenerationWithoutModification" classname="org.opentcs.util.UniqueStringGeneratorTest" time="0.0"/>
  <system-out><![CDATA[]]></system-out>
  <system-err><![CDATA[]]></system-err>
</testsuite>
