<?xml version="1.0" encoding="UTF-8"?>
<testsuite name="org.opentcs.util.persistence.DrivingCoursePersistenceTest" tests="1" skipped="0" failures="0" errors="0" timestamp="2017-12-19T10:19:24" hostname="DESKTOP-UBTRRGA" time="0.929">
  <properties/>
  <testcase name="testToXml" classname="org.opentcs.util.persistence.DrivingCoursePersistenceTest" time="0.929"/>
  <system-out><![CDATA[]]></system-out>
  <system-err><![CDATA[Dec 19, 2017 3:49:25 PM org.opentcs.util.persistence.DrivingCoursePersistenceTest testToXml
INFO: <?xml version="1.0" encoding="UTF-8" standalone="yes"?>
<model version="0.0.2" name="Demo">
    <point name="Point1" id="0" xPosition="1" yPosition="2" zPosition="3" vehicleOrientationAngle="NaN" type="HALT_POSITION">
        <outgoingPath name="Path1"/>
    </point>
    <point name="Point2" id="0" xPosition="4" yPosition="5" zPosition="6" vehicleOrientationAngle="NaN" type="PARK_POSITION">
        <outgoingPath name="Path2"/>
        <outgoingPath name="Path3"/>
    </point>
    <path name="Point1 --- Point2" sourcePoint="Point1" destinationPoint="Point2" length="100" routingCost="1" maxVelocity="1000" maxReverseVelocity="200" locked="false">
        <typeMaxVelocity vehicleType="VehicleType1" velocity="100"/>
        <typeMaxReverseVelocity vehicleType="VehicleType2" velocity="200"/>
        <typeLock vehicleType="VehicleType1" locked="true"/>
        <typeActions vehicleType="VehicleType1">
            <action distance="500" action="Action1">
                <orientation name="Orientation1"/>
            </action>
        </typeActions>
        <property name="Property1" value="Value1"/>
    </path>
    <vehicle name="Vehicle-01" length="1000" energyLevelCritical="30" energyLevelGood="90" type=""/>
    <locationType name="Transfer station">
        <allowedOperation name="NOP"/>
        <allowedOperation name="Load cargo"/>
        <property name="tcs:defaultLocationSymbol" value="LOAD_TRANSFER_GENERIC"/>
    </locationType>
    <location name="Storage 02" xPosition="100" yPosition="200" zPosition="300" type="Transfer station">
        <link point="Point1"/>
    </location>
    <block name="Block-001">
        <member name="Point1 --- Point2"/>
    </block>
    <staticRoute name="StaticRoute1">
        <hop name="Hop1"/>
    </staticRoute>
    <group name="Group1">
        <member name="Member1"/>
    </group>
    <visualLayout name="VLayout-01" scaleX="50.0" scaleY="50.0">
        <modelLayoutElement visualizedObjectName="Block-0002" layer="0">
            <property name="COLOR" value="#FF0000"/>
        </modelLayoutElement>
        <property name="tcs:vehicleThemeClass" value="..."/>
    </visualLayout>
</model>

Dec 19, 2017 3:49:25 PM org.opentcs.util.persistence.DrivingCoursePersistenceTest validateXml
INFO: Xml is valid
]]></system-err>
</testsuite>
