<?xml version="1.0" encoding="UTF-8"?>
<testsuite name="org.opentcs.util.gui.StringTableCellRendererTest" tests="2" skipped="0" failures="0" errors="0" timestamp="2017-12-23T19:36:32" hostname="DESKTOP-UBTRRGA" time="0.015">
  <properties/>
  <testcase name="returnsNullForNullValue" classname="org.opentcs.util.gui.StringTableCellRendererTest" time="0.015"/>
  <testcase name="returnsLabelWithNameAsText" classname="org.opentcs.util.gui.StringTableCellRendererTest" time="0.0"/>
  <system-out><![CDATA[]]></system-out>
  <system-err><![CDATA[]]></system-err>
</testsuite>
