<?xml version="1.0" encoding="UTF-8"?>
<testsuite name="org.opentcs.util.gui.StringListCellRendererTest" tests="2" skipped="0" failures="0" errors="0" timestamp="2017-12-19T10:19:23" hostname="DESKTOP-UBTRRGA" time="0.353">
  <properties/>
  <testcase name="returnsNullForNullValue" classname="org.opentcs.util.gui.StringListCellRendererTest" time="0.344"/>
  <testcase name="returnsLabelWithNameAsText" classname="org.opentcs.util.gui.StringListCellRendererTest" time="0.009"/>
  <system-out><![CDATA[]]></system-out>
  <system-err><![CDATA[]]></system-err>
</testsuite>
