<?xml version="1.0" encoding="UTF-8"?>
<testsuite name="org.opentcs.util.UniqueStringGeneratorTest" tests="4" skipped="0" failures="0" errors="0" timestamp="2018-01-13T16:13:30" hostname="DESKTOP-UBTRRGA" time="0.094">
  <properties/>
  <testcase name="shouldProvideConfiguredPatterns" classname="org.opentcs.util.UniqueStringGeneratorTest" time="0.047"/>
  <testcase name="testNullPrefix" classname="org.opentcs.util.UniqueStringGeneratorTest" time="0.0"/>
  <testcase name="testRepeatedGenerationWithAddition" classname="org.opentcs.util.UniqueStringGeneratorTest" time="0.047"/>
  <testcase name="testRepeatedGenerationWithoutModification" classname="org.opentcs.util.UniqueStringGeneratorTest" time="0.0"/>
  <system-out><![CDATA[]]></system-out>
  <system-err><![CDATA[]]></system-err>
</testsuite>
