<?xml version="1.0" encoding="UTF-8"?>
<testsuite name="org.opentcs.access.rmi.RemoteKernelTest" tests="2" skipped="0" failures="0" errors="0" timestamp="2017-12-23T19:36:19" hostname="DESKTOP-UBTRRGA" time="0.265">
  <properties/>
  <testcase name="testPermissionAnnotations" classname="org.opentcs.access.rmi.RemoteKernelTest" time="0.265"/>
  <testcase name="testEquivalenceToKernelInterface" classname="org.opentcs.access.rmi.RemoteKernelTest" time="0.0"/>
  <system-out><![CDATA[]]></system-out>
  <system-err><![CDATA[]]></system-err>
</testsuite>
