<?xml version="1.0" encoding="UTF-8"?>
<testsuite name="org.opentcs.data.model.ModelSerializationTest" tests="8" skipped="0" failures="0" errors="0" timestamp="2018-01-13T16:13:07" hostname="DESKTOP-UBTRRGA" time="1.406">
  <properties/>
  <testcase name="shouldSerializeAndDeserializePath" classname="org.opentcs.data.model.ModelSerializationTest" time="1.25"/>
  <testcase name="shouldSerializeAndDeserializeLocationType" classname="org.opentcs.data.model.ModelSerializationTest" time="0.0"/>
  <testcase name="shouldSerializeAndDeserializeBlock" classname="org.opentcs.data.model.ModelSerializationTest" time="0.0"/>
  <testcase name="shouldSerializeAndDeserializeGroup" classname="org.opentcs.data.model.ModelSerializationTest" time="0.0"/>
  <testcase name="shouldSerializeAndDeserializePoint" classname="org.opentcs.data.model.ModelSerializationTest" time="0.047"/>
  <testcase name="shouldSerializeAndDeserializeStaticRoute" classname="org.opentcs.data.model.ModelSerializationTest" time="0.0"/>
  <testcase name="shouldSerializeAndDeserializeLocation" classname="org.opentcs.data.model.ModelSerializationTest" time="0.016"/>
  <testcase name="shouldSerializeAndDeserializeVehicle" classname="org.opentcs.data.model.ModelSerializationTest" time="0.093"/>
  <system-out><![CDATA[]]></system-out>
  <system-err><![CDATA[]]></system-err>
</testsuite>
