<?xml version="1.0" encoding="UTF-8"?>
<testsuite name="org.opentcs.util.AssertionsTest" tests="4" skipped="0" failures="0" errors="0" timestamp="2017-12-23T19:36:20" hostname="DESKTOP-UBTRRGA" time="0.0">
  <properties/>
  <testcase name="checkInRangeShouldFailOnMoreThanMaximum" classname="org.opentcs.util.AssertionsTest" time="0.0"/>
  <testcase name="checkInRangeShouldFailOnLessThanMinimum" classname="org.opentcs.util.AssertionsTest" time="0.0"/>
  <testcase name="checkInRangeShouldIncludeBoundaries" classname="org.opentcs.util.AssertionsTest" time="0.0"/>
  <testcase name="checkArgumentShouldFormatIntegerMessageTemplateArgument" classname="org.opentcs.util.AssertionsTest" time="0.0"/>
  <system-out><![CDATA[]]></system-out>
  <system-err><![CDATA[]]></system-err>
</testsuite>
