<?xml version="1.0" encoding="UTF-8"?>
<testsuite name="org.opentcs.data.order.OrderSerializationTest" tests="2" skipped="0" failures="0" errors="0" timestamp="2017-12-19T10:19:11" hostname="DESKTOP-UBTRRGA" time="0.077">
  <properties/>
  <testcase name="shouldSerializeAndDeserializeTransportOrder" classname="org.opentcs.data.order.OrderSerializationTest" time="0.07"/>
  <testcase name="shouldSerializeAndDeserializeOrderSequence" classname="org.opentcs.data.order.OrderSerializationTest" time="0.004"/>
  <system-out><![CDATA[]]></system-out>
  <system-err><![CDATA[]]></system-err>
</testsuite>
