<?xml version="1.0" encoding="UTF-8"?>
<testsuite name="org.opentcs.access.rmi.RemoteKernelTest" tests="2" skipped="0" failures="0" errors="0" timestamp="2017-11-03T09:19:16" hostname="DESKTOP-UBTRRGA" time="2.276">
  <properties/>
  <testcase name="testPermissionAnnotations" classname="org.opentcs.access.rmi.RemoteKernelTest" time="2.214"/>
  <testcase name="testEquivalenceToKernelInterface" classname="org.opentcs.access.rmi.RemoteKernelTest" time="0.062"/>
  <system-out><![CDATA[]]></system-out>
  <system-err><![CDATA[]]></system-err>
</testsuite>
