<?xml version="1.0" encoding="UTF-8"?>
<testsuite name="org.opentcs.data.order.OrderSerializationTest" tests="2" skipped="0" failures="0" errors="0" timestamp="2017-11-03T09:19:20" hostname="DESKTOP-UBTRRGA" time="0.578">
  <properties/>
  <testcase name="shouldSerializeAndDeserializeTransportOrder" classname="org.opentcs.data.order.OrderSerializationTest" time="0.578"/>
  <testcase name="shouldSerializeAndDeserializeOrderSequence" classname="org.opentcs.data.order.OrderSerializationTest" time="0.0"/>
  <system-out><![CDATA[]]></system-out>
  <system-err><![CDATA[]]></system-err>
</testsuite>
