<?xml version="1.0" encoding="UTF-8"?>
<testsuite name="org.opentcs.strategies.basic.dispatching.orderselection.ReservedOrderSelectionStrategyTest" tests="4" skipped="0" failures="0" errors="0" timestamp="2017-12-23T19:37:19" hostname="DESKTOP-UBTRRGA" time="0.031">
  <properties/>
  <testcase name="shouldFilterReservedOrder" classname="org.opentcs.strategies.basic.dispatching.orderselection.ReservedOrderSelectionStrategyTest" time="0.031"/>
  <testcase name="returnsNullForUnProcessableOrder" classname="org.opentcs.strategies.basic.dispatching.orderselection.ReservedOrderSelectionStrategyTest" time="0.0"/>
  <testcase name="shouldReturnNullForUnroutableOrder" classname="org.opentcs.strategies.basic.dispatching.orderselection.ReservedOrderSelectionStrategyTest" time="0.0"/>
  <testcase name="shouldFindReservedOrder" classname="org.opentcs.strategies.basic.dispatching.orderselection.ReservedOrderSelectionStrategyTest" time="0.0"/>
  <system-out><![CDATA[]]></system-out>
  <system-err><![CDATA[]]></system-err>
</testsuite>
