<?xml version="1.0" encoding="UTF-8"?>
<testsuite name="org.opentcs.strategies.basic.dispatching.orderselection.TransportOrderSelectionStrategyTest" tests="2" skipped="0" failures="0" errors="0" timestamp="2017-12-19T10:20:30" hostname="DESKTOP-UBTRRGA" time="0.033">
  <properties/>
  <testcase name="shouldReturnNoOrder" classname="org.opentcs.strategies.basic.dispatching.orderselection.TransportOrderSelectionStrategyTest" time="0.011"/>
  <testcase name="shouldReturnAvailableOrder" classname="org.opentcs.strategies.basic.dispatching.orderselection.TransportOrderSelectionStrategyTest" time="0.022"/>
  <system-out><![CDATA[]]></system-out>
  <system-err><![CDATA[Dec 19, 2017 3:50:30 PM org.opentcs.strategies.basic.dispatching.orderselection.TransportOrderSelectionStrategy selectOrder
INFO: driveOrders Optional[[]]
]]></system-err>
</testsuite>
