<?xml version="1.0" encoding="UTF-8"?>
<testsuite name="org.opentcs.strategies.basic.dispatching.vehicleselection.AvailableVehicleSelectionStrategyTest" tests="4" skipped="0" failures="0" errors="0" timestamp="2017-12-19T10:20:30" hostname="DESKTOP-UBTRRGA" time="0.045">
  <properties/>
  <testcase name="returnsNullForAllVehiclesUnavailableForTransport" classname="org.opentcs.strategies.basic.dispatching.vehicleselection.AvailableVehicleSelectionStrategyTest" time="0.008"/>
  <testcase name="returnsNullForEmptyVehicleSet" classname="org.opentcs.strategies.basic.dispatching.vehicleselection.AvailableVehicleSelectionStrategyTest" time="0.0"/>
  <testcase name="returnsNullForUnprocessableOrder" classname="org.opentcs.strategies.basic.dispatching.vehicleselection.AvailableVehicleSelectionStrategyTest" time="0.002"/>
  <testcase name="returnsCheapestVehicleOrder" classname="org.opentcs.strategies.basic.dispatching.vehicleselection.AvailableVehicleSelectionStrategyTest" time="0.035"/>
  <system-out><![CDATA[]]></system-out>
  <system-err><![CDATA[]]></system-err>
</testsuite>
