<?xml version="1.0" encoding="UTF-8"?>
<testsuite name="org.opentcs.strategies.basic.dispatching.VehicleSelectorTest" tests="2" skipped="0" failures="0" errors="0" timestamp="2017-11-03T09:20:52" hostname="DESKTOP-UBTRRGA" time="0.078">
  <properties/>
  <testcase name="shouldReturnVehicleForTransportOrder" classname="org.opentcs.strategies.basic.dispatching.VehicleSelectorTest" time="0.078"/>
  <testcase name="shouldIgnoreTransportOrderWithVeto" classname="org.opentcs.strategies.basic.dispatching.VehicleSelectorTest" time="0.0"/>
  <system-out><![CDATA[]]></system-out>
  <system-err><![CDATA[]]></system-err>
</testsuite>
