<?xml version="1.0" encoding="UTF-8"?>
<testsuite name="org.opentcs.strategies.basic.dispatching.CompositeTransportOrderSelectionVetoTest" tests="4" skipped="0" failures="0" errors="0" timestamp="2017-11-03T09:20:51" hostname="DESKTOP-UBTRRGA" time="0.266">
  <properties/>
  <testcase name="shouldVetoTransportOrdersContainingOrder" classname="org.opentcs.strategies.basic.dispatching.CompositeTransportOrderSelectionVetoTest" time="0.25"/>
  <testcase name="shouldVetoAllTransportOrders" classname="org.opentcs.strategies.basic.dispatching.CompositeTransportOrderSelectionVetoTest" time="0.0"/>
  <testcase name="shouldVetoTransportOrdersContainingTransport" classname="org.opentcs.strategies.basic.dispatching.CompositeTransportOrderSelectionVetoTest" time="0.0"/>
  <testcase name="shouldVetoTransportOrdersContainingTransportOrOrder" classname="org.opentcs.strategies.basic.dispatching.CompositeTransportOrderSelectionVetoTest" time="0.016"/>
  <system-out><![CDATA[]]></system-out>
  <system-err><![CDATA[]]></system-err>
</testsuite>
