<?xml version="1.0" encoding="UTF-8"?>
<testsuite name="org.opentcs.strategies.basic.dispatching.orderselection.parking.DefaultParkingPositionSupplierTest" tests="5" skipped="0" failures="0" errors="0" timestamp="2017-12-19T10:20:28" hostname="DESKTOP-UBTRRGA" time="1.118">
  <properties/>
  <testcase name="returnsEmptyForUnknownAssignedParkingPosition" classname="org.opentcs.strategies.basic.dispatching.orderselection.parking.DefaultParkingPositionSupplierTest" time="1.089"/>
  <testcase name="returnsClosestParkingPosition" classname="org.opentcs.strategies.basic.dispatching.orderselection.parking.DefaultParkingPositionSupplierTest" time="0.018"/>
  <testcase name="returnsEmptyForAllBlocksReserved" classname="org.opentcs.strategies.basic.dispatching.orderselection.parking.DefaultParkingPositionSupplierTest" time="0.009"/>
  <testcase name="returnsEmptyForUnknownVehiclePosition" classname="org.opentcs.strategies.basic.dispatching.orderselection.parking.DefaultParkingPositionSupplierTest" time="0.0"/>
  <testcase name="returnsEmptyForNoParkingPositionsFromKernel" classname="org.opentcs.strategies.basic.dispatching.orderselection.parking.DefaultParkingPositionSupplierTest" time="0.001"/>
  <system-out><![CDATA[]]></system-out>
  <system-err><![CDATA[]]></system-err>
</testsuite>
