<?xml version="1.0" encoding="UTF-8"?>
<testsuite name="org.opentcs.strategies.basic.dispatching.orderselection.NoOrderSelectionStrategyTest" tests="7" skipped="0" failures="0" errors="0" timestamp="2017-12-19T10:20:28" hostname="DESKTOP-UBTRRGA" time="0.014">
  <properties/>
  <testcase name="returnNullForDispatchableVehicleCharging" classname="org.opentcs.strategies.basic.dispatching.orderselection.NoOrderSelectionStrategyTest" time="0.006"/>
  <testcase name="returnUnassignableForChargingDegradedVehicle" classname="org.opentcs.strategies.basic.dispatching.orderselection.NoOrderSelectionStrategyTest" time="0.001"/>
  <testcase name="returnUnassignableForDispatchableVehicleWithState(ERROR) [0]" classname="org.opentcs.strategies.basic.dispatching.orderselection.NoOrderSelectionStrategyTest" time="0.001"/>
  <testcase name="returnUnassignableForDispatchableVehicleWithState(EXECUTING) [1]" classname="org.opentcs.strategies.basic.dispatching.orderselection.NoOrderSelectionStrategyTest" time="0.0"/>
  <testcase name="returnUnassignableForDispatchableVehicleWithState(UNAVAILABLE) [2]" classname="org.opentcs.strategies.basic.dispatching.orderselection.NoOrderSelectionStrategyTest" time="0.001"/>
  <testcase name="returnUnassignableForDispatchableVehicleWithState(UNKNOWN) [3]" classname="org.opentcs.strategies.basic.dispatching.orderselection.NoOrderSelectionStrategyTest" time="0.001"/>
  <testcase name="returnNullForDispatchableVehicleIdle" classname="org.opentcs.strategies.basic.dispatching.orderselection.NoOrderSelectionStrategyTest" time="0.001"/>
  <system-out><![CDATA[]]></system-out>
  <system-err><![CDATA[]]></system-err>
</testsuite>
