<?xml version="1.0" encoding="UTF-8"?>
<testsuite name="org.opentcs.strategies.basic.dispatching.orderselection.RechargeOrderSelectionStrategyTest" tests="6" skipped="0" failures="0" errors="0" timestamp="2017-11-03T09:20:52" hostname="DESKTOP-UBTRRGA" time="0.015">
  <properties/>
  <testcase name="returnsNullForNoSuitableRechargeLocation" classname="org.opentcs.strategies.basic.dispatching.orderselection.RechargeOrderSelectionStrategyTest" time="0.015"/>
  <testcase name="returnsNoActionForChargingVehicle" classname="org.opentcs.strategies.basic.dispatching.orderselection.RechargeOrderSelectionStrategyTest" time="0.0"/>
  <testcase name="returnsOrderForRechargableProcessableVehicle" classname="org.opentcs.strategies.basic.dispatching.orderselection.RechargeOrderSelectionStrategyTest" time="0.0"/>
  <testcase name="returnsNullForUnprocessableOrder" classname="org.opentcs.strategies.basic.dispatching.orderselection.RechargeOrderSelectionStrategyTest" time="0.0"/>
  <testcase name="returnsNullForUndegradedEnergyLevel" classname="org.opentcs.strategies.basic.dispatching.orderselection.RechargeOrderSelectionStrategyTest" time="0.0"/>
  <testcase name="returnsNullForDontRecharge" classname="org.opentcs.strategies.basic.dispatching.orderselection.RechargeOrderSelectionStrategyTest" time="0.0"/>
  <system-out><![CDATA[]]></system-out>
  <system-err><![CDATA[Nov 03, 2017 2:50:52 PM org.opentcs.strategies.basic.dispatching.orderselection.RechargeOrderSelectionStrategy selectOrder
WARNING: vehicle: Did not find a suitable recharge sequence for vehicle
]]></system-err>
</testsuite>
