<?xml version="1.0" encoding="UTF-8"?>
<testsuite name="org.opentcs.strategies.basic.dispatching.orderselection.recharging.DefaultRechargePositionSupplierTest" tests="3" skipped="0" failures="0" errors="0" timestamp="2017-12-23T19:37:19" hostname="DESKTOP-UBTRRGA" time="0.015">
  <properties/>
  <testcase name="findExistingRechargePosition" classname="org.opentcs.strategies.basic.dispatching.orderselection.recharging.DefaultRechargePositionSupplierTest" time="0.015"/>
  <testcase name="returnsEmptyListIfNoRechargePositionExists" classname="org.opentcs.strategies.basic.dispatching.orderselection.recharging.DefaultRechargePositionSupplierTest" time="0.0"/>
  <testcase name="returnsEmptyListIfAssignedRechargePositionDoesNotExist" classname="org.opentcs.strategies.basic.dispatching.orderselection.recharging.DefaultRechargePositionSupplierTest" time="0.0"/>
  <system-out><![CDATA[]]></system-out>
  <system-err><![CDATA[]]></system-err>
</testsuite>
