<?xml version="1.0" encoding="UTF-8"?>
<testsuite name="org.opentcs.strategies.basic.dispatching.orderselection.ReservedOrderSelectionStrategyTest" tests="4" skipped="0" failures="0" errors="0" timestamp="2017-12-19T10:20:30" hostname="DESKTOP-UBTRRGA" time="0.074">
  <properties/>
  <testcase name="shouldFilterReservedOrder" classname="org.opentcs.strategies.basic.dispatching.orderselection.ReservedOrderSelectionStrategyTest" time="0.067"/>
  <testcase name="returnsNullForUnProcessableOrder" classname="org.opentcs.strategies.basic.dispatching.orderselection.ReservedOrderSelectionStrategyTest" time="0.003"/>
  <testcase name="shouldReturnNullForUnroutableOrder" classname="org.opentcs.strategies.basic.dispatching.orderselection.ReservedOrderSelectionStrategyTest" time="0.001"/>
  <testcase name="shouldFindReservedOrder" classname="org.opentcs.strategies.basic.dispatching.orderselection.ReservedOrderSelectionStrategyTest" time="0.001"/>
  <system-out><![CDATA[]]></system-out>
  <system-err><![CDATA[]]></system-err>
</testsuite>
