<?xml version="1.0" encoding="UTF-8"?>
<testsuite name="org.opentcs.strategies.basic.dispatching.orderselection.RechargeOrderSelectionStrategyTest" tests="6" skipped="0" failures="0" errors="0" timestamp="2017-12-19T10:20:29" hostname="DESKTOP-UBTRRGA" time="0.037">
  <properties/>
  <testcase name="returnsNullForNoSuitableRechargeLocation" classname="org.opentcs.strategies.basic.dispatching.orderselection.RechargeOrderSelectionStrategyTest" time="0.028"/>
  <testcase name="returnsNoActionForChargingVehicle" classname="org.opentcs.strategies.basic.dispatching.orderselection.RechargeOrderSelectionStrategyTest" time="0.003"/>
  <testcase name="returnsOrderForRechargableProcessableVehicle" classname="org.opentcs.strategies.basic.dispatching.orderselection.RechargeOrderSelectionStrategyTest" time="0.002"/>
  <testcase name="returnsNullForUnprocessableOrder" classname="org.opentcs.strategies.basic.dispatching.orderselection.RechargeOrderSelectionStrategyTest" time="0.001"/>
  <testcase name="returnsNullForUndegradedEnergyLevel" classname="org.opentcs.strategies.basic.dispatching.orderselection.RechargeOrderSelectionStrategyTest" time="0.0"/>
  <testcase name="returnsNullForDontRecharge" classname="org.opentcs.strategies.basic.dispatching.orderselection.RechargeOrderSelectionStrategyTest" time="0.0"/>
  <system-out><![CDATA[]]></system-out>
  <system-err><![CDATA[Dec 19, 2017 3:50:29 PM org.opentcs.strategies.basic.dispatching.orderselection.RechargeOrderSelectionStrategy selectOrder
WARNING: vehicle: Did not find a suitable recharge sequence for vehicle
]]></system-err>
</testsuite>
