<?xml version="1.0" encoding="UTF-8"?>
<testsuite name="org.opentcs.strategies.basic.dispatching.VehicleSelectorTest" tests="2" skipped="0" failures="0" errors="0" timestamp="2017-12-19T10:20:30" hostname="DESKTOP-UBTRRGA" time="0.15">
  <properties/>
  <testcase name="shouldReturnVehicleForTransportOrder" classname="org.opentcs.strategies.basic.dispatching.VehicleSelectorTest" time="0.149"/>
  <testcase name="shouldIgnoreTransportOrderWithVeto" classname="org.opentcs.strategies.basic.dispatching.VehicleSelectorTest" time="0.001"/>
  <system-out><![CDATA[]]></system-out>
  <system-err><![CDATA[]]></system-err>
</testsuite>
