<?xml version="1.0" encoding="UTF-8"?>
<testsuite name="org.opentcs.strategies.basic.dispatching.orderselection.NoOrderSelectionStrategyTest" tests="7" skipped="0" failures="0" errors="0" timestamp="2018-01-13T16:14:40" hostname="DESKTOP-UBTRRGA" time="0.016">
  <properties/>
  <testcase name="returnNullForDispatchableVehicleCharging" classname="org.opentcs.strategies.basic.dispatching.orderselection.NoOrderSelectionStrategyTest" time="0.0"/>
  <testcase name="returnUnassignableForChargingDegradedVehicle" classname="org.opentcs.strategies.basic.dispatching.orderselection.NoOrderSelectionStrategyTest" time="0.0"/>
  <testcase name="returnUnassignableForDispatchableVehicleWithState(ERROR) [0]" classname="org.opentcs.strategies.basic.dispatching.orderselection.NoOrderSelectionStrategyTest" time="0.0"/>
  <testcase name="returnUnassignableForDispatchableVehicleWithState(EXECUTING) [1]" classname="org.opentcs.strategies.basic.dispatching.orderselection.NoOrderSelectionStrategyTest" time="0.0"/>
  <testcase name="returnUnassignableForDispatchableVehicleWithState(UNAVAILABLE) [2]" classname="org.opentcs.strategies.basic.dispatching.orderselection.NoOrderSelectionStrategyTest" time="0.0"/>
  <testcase name="returnUnassignableForDispatchableVehicleWithState(UNKNOWN) [3]" classname="org.opentcs.strategies.basic.dispatching.orderselection.NoOrderSelectionStrategyTest" time="0.0"/>
  <testcase name="returnNullForDispatchableVehicleIdle" classname="org.opentcs.strategies.basic.dispatching.orderselection.NoOrderSelectionStrategyTest" time="0.0"/>
  <system-out><![CDATA[]]></system-out>
  <system-err><![CDATA[]]></system-err>
</testsuite>
