<?xml version="1.0" encoding="UTF-8"?>
<testsuite name="org.opentcs.strategies.basic.recovery.NESRecoveryEvaluatorTest" tests="5" skipped="0" failures="0" errors="0" timestamp="2017-12-19T10:20:30" hostname="DESKTOP-UBTRRGA" time="0.024">
  <properties/>
  <testcase name="testNotRecoveredWhenUnfinishedOrders" classname="org.opentcs.strategies.basic.recovery.NESRecoveryEvaluatorTest" time="0.021"/>
  <testcase name="testNotRecoveredWhenNoVehicles" classname="org.opentcs.strategies.basic.recovery.NESRecoveryEvaluatorTest" time="0.001"/>
  <testcase name="testRecoveredWhenFullEnergyAndAllOrdersFinished" classname="org.opentcs.strategies.basic.recovery.NESRecoveryEvaluatorTest" time="0.001"/>
  <testcase name="testNotRecoveredWhenNoEnergy" classname="org.opentcs.strategies.basic.recovery.NESRecoveryEvaluatorTest" time="0.0"/>
  <testcase name="testRecoveredWhenFullEnergyAndNoOrders" classname="org.opentcs.strategies.basic.recovery.NESRecoveryEvaluatorTest" time="0.001"/>
  <system-out><![CDATA[]]></system-out>
  <system-err><![CDATA[]]></system-err>
</testsuite>
