<?xml version="1.0" encoding="UTF-8"?>
<testsuite name="org.opentcs.strategies.basic.dispatching.orderselection.TransportOrderSelectionStrategyTest" tests="2" skipped="0" failures="0" errors="0" timestamp="2017-12-23T19:37:19" hostname="DESKTOP-UBTRRGA" time="0.032">
  <properties/>
  <testcase name="shouldReturnNoOrder" classname="org.opentcs.strategies.basic.dispatching.orderselection.TransportOrderSelectionStrategyTest" time="0.016"/>
  <testcase name="shouldReturnAvailableOrder" classname="org.opentcs.strategies.basic.dispatching.orderselection.TransportOrderSelectionStrategyTest" time="0.016"/>
  <system-out><![CDATA[]]></system-out>
  <system-err><![CDATA[Dec 24, 2017 1:07:19 AM org.opentcs.strategies.basic.dispatching.orderselection.TransportOrderSelectionStrategy selectOrder
INFO: driveOrders Optional[[]]
]]></system-err>
</testsuite>
