<?xml version="1.0" encoding="UTF-8"?>
<testsuite name="org.opentcs.strategies.basic.dispatching.orderselection.recharging.DefaultRechargePositionSupplierTest" tests="3" skipped="0" failures="0" errors="0" timestamp="2018-01-13T16:14:41" hostname="DESKTOP-UBTRRGA" time="0.031">
  <properties/>
  <testcase name="findExistingRechargePosition" classname="org.opentcs.strategies.basic.dispatching.orderselection.recharging.DefaultRechargePositionSupplierTest" time="0.016"/>
  <testcase name="returnsEmptyListIfNoRechargePositionExists" classname="org.opentcs.strategies.basic.dispatching.orderselection.recharging.DefaultRechargePositionSupplierTest" time="0.015"/>
  <testcase name="returnsEmptyListIfAssignedRechargePositionDoesNotExist" classname="org.opentcs.strategies.basic.dispatching.orderselection.recharging.DefaultRechargePositionSupplierTest" time="0.0"/>
  <system-out><![CDATA[]]></system-out>
  <system-err><![CDATA[]]></system-err>
</testsuite>
