<?xml version="1.0" encoding="UTF-8"?>
<testsuite name="org.opentcs.strategies.basic.dispatching.orderselection.TransportOrderSelectionStrategyTest" tests="2" skipped="0" failures="0" errors="0" timestamp="2018-01-13T16:14:41" hostname="DESKTOP-UBTRRGA" time="0.031">
  <properties/>
  <testcase name="shouldReturnNoOrder" classname="org.opentcs.strategies.basic.dispatching.orderselection.TransportOrderSelectionStrategyTest" time="0.0"/>
  <testcase name="shouldReturnAvailableOrder" classname="org.opentcs.strategies.basic.dispatching.orderselection.TransportOrderSelectionStrategyTest" time="0.031"/>
  <system-out><![CDATA[]]></system-out>
  <system-err><![CDATA[Jan 13, 2018 9:44:41 PM org.opentcs.strategies.basic.dispatching.orderselection.TransportOrderSelectionStrategy selectOrder
INFO: driveOrders Optional[[]]
]]></system-err>
</testsuite>
