<?xml version="1.0" encoding="UTF-8"?>
<testsuite name="org.opentcs.strategies.basic.dispatching.vehicleselection.AvailableVehicleSelectionStrategyTest" tests="4" skipped="0" failures="0" errors="0" timestamp="2018-01-13T16:14:41" hostname="DESKTOP-UBTRRGA" time="0.031">
  <properties/>
  <testcase name="returnsNullForAllVehiclesUnavailableForTransport" classname="org.opentcs.strategies.basic.dispatching.vehicleselection.AvailableVehicleSelectionStrategyTest" time="0.0"/>
  <testcase name="returnsNullForEmptyVehicleSet" classname="org.opentcs.strategies.basic.dispatching.vehicleselection.AvailableVehicleSelectionStrategyTest" time="0.0"/>
  <testcase name="returnsNullForUnprocessableOrder" classname="org.opentcs.strategies.basic.dispatching.vehicleselection.AvailableVehicleSelectionStrategyTest" time="0.0"/>
  <testcase name="returnsCheapestVehicleOrder" classname="org.opentcs.strategies.basic.dispatching.vehicleselection.AvailableVehicleSelectionStrategyTest" time="0.031"/>
  <system-out><![CDATA[]]></system-out>
  <system-err><![CDATA[]]></system-err>
</testsuite>
