<?xml version="1.0" encoding="UTF-8"?>
<testsuite name="org.opentcs.strategies.basic.routing.DefaultRouterTest" tests="4" skipped="0" failures="0" errors="0" timestamp="2018-01-13T16:14:41" hostname="DESKTOP-UBTRRGA" time="0.125">
  <properties/>
  <testcase name="shouldUseDefaultRoutingGroup" classname="org.opentcs.strategies.basic.routing.DefaultRouterTest" time="0.125"/>
  <testcase name="shouldUseDefaultAndSetRoutingGroups" classname="org.opentcs.strategies.basic.routing.DefaultRouterTest" time="0.0"/>
  <testcase name="shouldUseSetRoutingGroups" classname="org.opentcs.strategies.basic.routing.DefaultRouterTest" time="0.0"/>
  <testcase name="shouldUseDefinedRoutingGroup" classname="org.opentcs.strategies.basic.routing.DefaultRouterTest" time="0.0"/>
  <system-out><![CDATA[]]></system-out>
  <system-err><![CDATA[]]></system-err>
</testsuite>
