<?xml version="1.0" encoding="UTF-8"?>
<testsuite name="org.opentcs.strategies.basic.dispatching.vehicleselection.ClosestVehicleComparatorTest" tests="3" skipped="0" failures="0" errors="0" timestamp="2017-12-19T10:20:30" hostname="DESKTOP-UBTRRGA" time="0.003">
  <properties/>
  <testcase name="shouldCompareCostsFirst" classname="org.opentcs.strategies.basic.dispatching.vehicleselection.ClosestVehicleComparatorTest" time="0.002"/>
  <testcase name="shouldCompareEnergyLevelSecond" classname="org.opentcs.strategies.basic.dispatching.vehicleselection.ClosestVehicleComparatorTest" time="0.0"/>
  <testcase name="shouldCompareNameThird" classname="org.opentcs.strategies.basic.dispatching.vehicleselection.ClosestVehicleComparatorTest" time="0.001"/>
  <system-out><![CDATA[]]></system-out>
  <system-err><![CDATA[]]></system-err>
</testsuite>
