<?xml version="1.0" encoding="UTF-8"?>
<testsuite name="org.opentcs.strategies.basic.routing.DefaultRouterTest" tests="4" skipped="0" failures="0" errors="0" timestamp="2017-12-23T19:37:20" hostname="DESKTOP-UBTRRGA" time="0.11">
  <properties/>
  <testcase name="shouldUseDefaultRoutingGroup" classname="org.opentcs.strategies.basic.routing.DefaultRouterTest" time="0.11"/>
  <testcase name="shouldUseDefaultAndSetRoutingGroups" classname="org.opentcs.strategies.basic.routing.DefaultRouterTest" time="0.0"/>
  <testcase name="shouldUseSetRoutingGroups" classname="org.opentcs.strategies.basic.routing.DefaultRouterTest" time="0.0"/>
  <testcase name="shouldUseDefinedRoutingGroup" classname="org.opentcs.strategies.basic.routing.DefaultRouterTest" time="0.0"/>
  <system-out><![CDATA[]]></system-out>
  <system-err><![CDATA[]]></system-err>
</testsuite>
