<?xml version="1.0" encoding="UTF-8"?>
<testsuite name="org.opentcs.strategies.basic.routing.jgrapht.ShortestPathPointRouterTest" tests="6" skipped="0" failures="0" errors="0" timestamp="2017-12-23T19:37:20" hostname="DESKTOP-UBTRRGA" time="0.0">
  <properties/>
  <testcase name="returnEmptyRouteIfDestinationIsSource" classname="org.opentcs.strategies.basic.routing.jgrapht.ShortestPathPointRouterTest" time="0.0"/>
  <testcase name="returnNullIfNoRouteExists" classname="org.opentcs.strategies.basic.routing.jgrapht.ShortestPathPointRouterTest" time="0.0"/>
  <testcase name="returnZeroCostsIfDestinationIsSource" classname="org.opentcs.strategies.basic.routing.jgrapht.ShortestPathPointRouterTest" time="0.0"/>
  <testcase name="returnGraphPathStepsForExistingRoute" classname="org.opentcs.strategies.basic.routing.jgrapht.ShortestPathPointRouterTest" time="0.0"/>
  <testcase name="returnGraphPathCostsForExistingRoute" classname="org.opentcs.strategies.basic.routing.jgrapht.ShortestPathPointRouterTest" time="0.0"/>
  <testcase name="returnInfiniteCostsIfNoRouteExists" classname="org.opentcs.strategies.basic.routing.jgrapht.ShortestPathPointRouterTest" time="0.0"/>
  <system-out><![CDATA[]]></system-out>
  <system-err><![CDATA[]]></system-err>
</testsuite>
