<?xml version="1.0" encoding="UTF-8"?>
<testsuite name="org.opentcs.guing.components.properties.AnglePropertyTest" tests="8" skipped="0" failures="0" errors="0" timestamp="2017-12-19T10:20:14" hostname="DESKTOP-UBTRRGA" time="3.753">
  <properties/>
  <testcase name="anglePropertyModulo" classname="org.opentcs.guing.components.properties.AnglePropertyTest" time="3.575"/>
  <testcase name="anglePropertyEmtpy" classname="org.opentcs.guing.components.properties.AnglePropertyTest" time="0.118"/>
  <testcase name="anglePropertyUnits" classname="org.opentcs.guing.components.properties.AnglePropertyTest" time="0.004"/>
  <testcase name="anglePropertyTest" classname="org.opentcs.guing.components.properties.AnglePropertyTest" time="0.002"/>
  <testcase name="anglePropertyUnknownUnit" classname="org.opentcs.guing.components.properties.AnglePropertyTest" time="0.003"/>
  <testcase name="anglePropertyNegativeValue" classname="org.opentcs.guing.components.properties.AnglePropertyTest" time="0.005"/>
  <testcase name="anglePropertyNoBlank" classname="org.opentcs.guing.components.properties.AnglePropertyTest" time="0.002"/>
  <testcase name="anglePropertyConversion" classname="org.opentcs.guing.components.properties.AnglePropertyTest" time="0.042"/>
  <system-out><![CDATA[]]></system-out>
  <system-err><![CDATA[]]></system-err>
</testsuite>
