<?xml version="1.0" encoding="UTF-8"?>
<testsuite name="org.opentcs.guing.storage.ModelValidatorTest" tests="59" skipped="0" failures="0" errors="0" timestamp="2017-12-19T10:20:21" hostname="DESKTOP-UBTRRGA" time="1.832">
  <properties/>
  <testcase name="testLocationInvalidType" classname="org.opentcs.guing.storage.ModelValidatorTest" time="0.816"/>
  <testcase name="testPathInvalidLength" classname="org.opentcs.guing.storage.ModelValidatorTest" time="0.584"/>
  <testcase name="testPathInvalidConnType" classname="org.opentcs.guing.storage.ModelValidatorTest" time="0.01"/>
  <testcase name="testPathMissingMaxVelocity" classname="org.opentcs.guing.storage.ModelValidatorTest" time="0.008"/>
  <testcase name="testPathMissingEndPoint" classname="org.opentcs.guing.storage.ModelValidatorTest" time="0.039"/>
  <testcase name="testPointInvalidXPosition" classname="org.opentcs.guing.storage.ModelValidatorTest" time="0.008"/>
  <testcase name="testLocationMissingOrientationAngle" classname="org.opentcs.guing.storage.ModelValidatorTest" time="0.011"/>
  <testcase name="testPointMissingType" classname="org.opentcs.guing.storage.ModelValidatorTest" time="0.005"/>
  <testcase name="testPathInvalidThreeControlPoints" classname="org.opentcs.guing.storage.ModelValidatorTest" time="0.009"/>
  <testcase name="testPointInvalidModelYPosition" classname="org.opentcs.guing.storage.ModelValidatorTest" time="0.003"/>
  <testcase name="testPointMissingModelXPosition" classname="org.opentcs.guing.storage.ModelValidatorTest" time="0.026"/>
  <testcase name="testPointMissingYPosition" classname="org.opentcs.guing.storage.ModelValidatorTest" time="0.005"/>
  <testcase name="testPathInvalidTwoControlPoints" classname="org.opentcs.guing.storage.ModelValidatorTest" time="0.015"/>
  <testcase name="testPointNegativeOrientationAngle" classname="org.opentcs.guing.storage.ModelValidatorTest" time="0.004"/>
  <testcase name="testPathInvalidRoutingCost" classname="org.opentcs.guing.storage.ModelValidatorTest" time="0.008"/>
  <testcase name="testLocationMissingModelPositionX" classname="org.opentcs.guing.storage.ModelValidatorTest" time="0.003"/>
  <testcase name="testLocationMissingModelPositionY" classname="org.opentcs.guing.storage.ModelValidatorTest" time="0.002"/>
  <testcase name="testLocationTypeValid" classname="org.opentcs.guing.storage.ModelValidatorTest" time="0.0"/>
  <testcase name="testPathMissingMaxReverseVelocity" classname="org.opentcs.guing.storage.ModelValidatorTest" time="0.005"/>
  <testcase name="testLayoutMissingScaleX" classname="org.opentcs.guing.storage.ModelValidatorTest" time="0.044"/>
  <testcase name="testLayoutMissingScaleY" classname="org.opentcs.guing.storage.ModelValidatorTest" time="0.002"/>
  <testcase name="testLocationValid" classname="org.opentcs.guing.storage.ModelValidatorTest" time="0.008"/>
  <testcase name="testLocationMissingPositionX" classname="org.opentcs.guing.storage.ModelValidatorTest" time="0.003"/>
  <testcase name="testLocationMissingPositionY" classname="org.opentcs.guing.storage.ModelValidatorTest" time="0.004"/>
  <testcase name="testLocationMissingType" classname="org.opentcs.guing.storage.ModelValidatorTest" time="0.007"/>
  <testcase name="shouldInvalidateWhenEmptyName" classname="org.opentcs.guing.storage.ModelValidatorTest" time="0.002"/>
  <testcase name="testPathValid" classname="org.opentcs.guing.storage.ModelValidatorTest" time="0.007"/>
  <testcase name="testPathMissingConnType" classname="org.opentcs.guing.storage.ModelValidatorTest" time="0.005"/>
  <testcase name="testPathNegativeLength" classname="org.opentcs.guing.storage.ModelValidatorTest" time="0.005"/>
  <testcase name="testLayoutInvalidScaleX" classname="org.opentcs.guing.storage.ModelValidatorTest" time="0.002"/>
  <testcase name="testLayoutInvalidScaleY" classname="org.opentcs.guing.storage.ModelValidatorTest" time="0.002"/>
  <testcase name="testLocationMissingLabelOffsetX" classname="org.opentcs.guing.storage.ModelValidatorTest" time="0.012"/>
  <testcase name="testLocationMissingLabelOffsetY" classname="org.opentcs.guing.storage.ModelValidatorTest" time="0.005"/>
  <testcase name="testPathInvalidEndPoint" classname="org.opentcs.guing.storage.ModelValidatorTest" time="0.009"/>
  <testcase name="testPointEmpty" classname="org.opentcs.guing.storage.ModelValidatorTest" time="0.004"/>
  <testcase name="testPointValid" classname="org.opentcs.guing.storage.ModelValidatorTest" time="0.003"/>
  <testcase name="shouldInvalidateIfExists" classname="org.opentcs.guing.storage.ModelValidatorTest" time="0.002"/>
  <testcase name="testPathMissingRoutingCost" classname="org.opentcs.guing.storage.ModelValidatorTest" time="0.007"/>
  <testcase name="testPointInvalidType" classname="org.opentcs.guing.storage.ModelValidatorTest" time="0.005"/>
  <testcase name="shouldInvalidateIfNull" classname="org.opentcs.guing.storage.ModelValidatorTest" time="0.001"/>
  <testcase name="testPointInvalidModelXPosition" classname="org.opentcs.guing.storage.ModelValidatorTest" time="0.005"/>
  <testcase name="testPointMissingXPosition" classname="org.opentcs.guing.storage.ModelValidatorTest" time="0.004"/>
  <testcase name="testPointInvalidYPosition" classname="org.opentcs.guing.storage.ModelValidatorTest" time="0.019"/>
  <testcase name="testLocationInvalidModelPositionX" classname="org.opentcs.guing.storage.ModelValidatorTest" time="0.004"/>
  <testcase name="testLocationInvalidModelPositionY" classname="org.opentcs.guing.storage.ModelValidatorTest" time="0.011"/>
  <testcase name="testLayoutEmpty" classname="org.opentcs.guing.storage.ModelValidatorTest" time="0.001"/>
  <testcase name="testLayoutValid" classname="org.opentcs.guing.storage.ModelValidatorTest" time="0.001"/>
  <testcase name="testPathInvalidStartPoint" classname="org.opentcs.guing.storage.ModelValidatorTest" time="0.003"/>
  <testcase name="testPathMissingControlPoints" classname="org.opentcs.guing.storage.ModelValidatorTest" time="0.005"/>
  <testcase name="testPathInvalidMaxVelocity" classname="org.opentcs.guing.storage.ModelValidatorTest" time="0.005"/>
  <testcase name="testPointMissingModelYPosition" classname="org.opentcs.guing.storage.ModelValidatorTest" time="0.003"/>
  <testcase name="testPointInvalidOrientationAngle" classname="org.opentcs.guing.storage.ModelValidatorTest" time="0.002"/>
  <testcase name="testLocationInvalidPositionX" classname="org.opentcs.guing.storage.ModelValidatorTest" time="0.003"/>
  <testcase name="testLocationInvalidPositionY" classname="org.opentcs.guing.storage.ModelValidatorTest" time="0.01"/>
  <testcase name="testPathInvalidMaxReverseVelocity" classname="org.opentcs.guing.storage.ModelValidatorTest" time="0.007"/>
  <testcase name="testPathMissingLength" classname="org.opentcs.guing.storage.ModelValidatorTest" time="0.004"/>
  <testcase name="testPathMissingLocked" classname="org.opentcs.guing.storage.ModelValidatorTest" time="0.005"/>
  <testcase name="testPointMissingOrientationAngle" classname="org.opentcs.guing.storage.ModelValidatorTest" time="0.001"/>
  <testcase name="testLocationTypeMissingOperations" classname="org.opentcs.guing.storage.ModelValidatorTest" time="0.0"/>
  <system-out><![CDATA[]]></system-out>
  <system-err><![CDATA[Dec 19, 2017 3:50:22 PM org.opentcs.guing.storage.ModelValidator errorOccurred
INFO: Location-001: Invalid type of location "Ladestation" - not found.
Dec 19, 2017 3:50:22 PM org.opentcs.guing.storage.ModelValidator errorOccurred
INFO: null: Start component "Point-001" does not exist.
Dec 19, 2017 3:50:22 PM org.opentcs.guing.storage.ModelValidator errorOccurred
INFO: null: End component "Point-002" does not exist.
Dec 19, 2017 3:50:22 PM org.opentcs.guing.storage.ModelValidator errorOccurred
INFO: null: Start component "Point-001" does not exist.
Dec 19, 2017 3:50:22 PM org.opentcs.guing.storage.ModelValidator errorOccurred
INFO: null: End component "Point-002" does not exist.
Dec 19, 2017 3:50:22 PM org.opentcs.guing.storage.ModelValidator errorOccurred
INFO: Point-001 --- Point-002: Path max velocity does not exist.
Dec 19, 2017 3:50:22 PM org.opentcs.guing.storage.ModelValidator errorOccurred
INFO: null: Start component "Point-001" does not exist.
Dec 19, 2017 3:50:22 PM org.opentcs.guing.storage.ModelValidator errorOccurred
INFO: Point-001 --- Point-002: End component does not exist.
Dec 19, 2017 3:50:22 PM org.opentcs.guing.storage.ModelValidator validatePoint
WARNING: Point-001: Orientation angle property ('5') is not a number. Setting it to 0.
Dec 19, 2017 3:50:22 PM org.opentcs.guing.storage.ModelValidator errorOccurred
INFO: Point-001: The x value of the point position does not exist.
Dec 19, 2017 3:50:22 PM org.opentcs.guing.storage.ModelValidator errorOccurred
INFO: Location-001: The orientation angle for the label does not exist.
Dec 19, 2017 3:50:22 PM org.opentcs.guing.storage.ModelValidator validatePoint
WARNING: Point-001: Orientation angle property ('5') is not a number. Setting it to 0.
Dec 19, 2017 3:50:22 PM org.opentcs.guing.storage.ModelValidator errorOccurred
INFO: Point-001: Point type property does not exist.
Dec 19, 2017 3:50:22 PM org.opentcs.guing.storage.ModelValidator errorOccurred
INFO: Point-001 --- Point-002: Invalid path control points for bezier curve "".
Dec 19, 2017 3:50:22 PM org.opentcs.guing.storage.ModelValidator errorOccurred
INFO: null: Start component "Point-001" does not exist.
Dec 19, 2017 3:50:22 PM org.opentcs.guing.storage.ModelValidator errorOccurred
INFO: null: End component "Point-002" does not exist.
Dec 19, 2017 3:50:22 PM org.opentcs.guing.storage.ModelValidator validatePoint
WARNING: Point-001: Orientation angle property ('5') is not a number. Setting it to 0.
Dec 19, 2017 3:50:22 PM org.opentcs.guing.storage.ModelValidator errorOccurred
INFO: Point-001: The y value of the model position does not exist.
Dec 19, 2017 3:50:22 PM org.opentcs.guing.storage.ModelValidator validatePoint
WARNING: Point-001: Orientation angle property ('5') is not a number. Setting it to 0.
Dec 19, 2017 3:50:22 PM org.opentcs.guing.storage.ModelValidator errorOccurred
INFO: Point-001: The x value of the model position does not exist.
Dec 19, 2017 3:50:22 PM org.opentcs.guing.storage.ModelValidator validatePoint
WARNING: Point-001: Orientation angle property ('5') is not a number. Setting it to 0.
Dec 19, 2017 3:50:22 PM org.opentcs.guing.storage.ModelValidator errorOccurred
INFO: Point-001: The y value of the point position does not exist.
Dec 19, 2017 3:50:22 PM org.opentcs.guing.storage.ModelValidator errorOccurred
INFO: Point-001 --- Point-002: Invalid path control points for bezier curve "".
Dec 19, 2017 3:50:22 PM org.opentcs.guing.storage.ModelValidator errorOccurred
INFO: null: Start component "Point-001" does not exist.
Dec 19, 2017 3:50:22 PM org.opentcs.guing.storage.ModelValidator errorOccurred
INFO: null: End component "Point-002" does not exist.
Dec 19, 2017 3:50:22 PM org.opentcs.guing.storage.ModelValidator validatePoint
WARNING: Point-001: Orientation angle property ('-5') is not a number. Setting it to 0.
Dec 19, 2017 3:50:22 PM org.opentcs.guing.storage.ModelValidator errorOccurred
INFO: null: Start component "Point-001" does not exist.
Dec 19, 2017 3:50:22 PM org.opentcs.guing.storage.ModelValidator errorOccurred
INFO: null: End component "Point-002" does not exist.
Dec 19, 2017 3:50:22 PM org.opentcs.guing.storage.ModelValidator errorOccurred
INFO: Location-001: The x value of the model position does not exist.
Dec 19, 2017 3:50:22 PM org.opentcs.guing.storage.ModelValidator errorOccurred
INFO: Location-001: The y value of the model position does not exist.
Dec 19, 2017 3:50:22 PM org.opentcs.guing.storage.ModelValidator errorOccurred
INFO: Point-001 --- Point-002: Path max velocity does not exist.
Dec 19, 2017 3:50:22 PM org.opentcs.guing.storage.ModelValidator errorOccurred
INFO: VLayout-001: ScaleX property does not exist.
Dec 19, 2017 3:50:22 PM org.opentcs.guing.storage.ModelValidator errorOccurred
INFO: VLayout-001: ScaleY property does not exist.
Dec 19, 2017 3:50:22 PM org.opentcs.guing.storage.ModelValidator errorOccurred
INFO: Location-001: The x value of the location position does not exist.
Dec 19, 2017 3:50:22 PM org.opentcs.guing.storage.ModelValidator errorOccurred
INFO: Location-001: The y value of the location position does not exist.
Dec 19, 2017 3:50:22 PM org.opentcs.guing.storage.ModelValidator errorOccurred
INFO: Location-001: The location type does not exist.
Dec 19, 2017 3:50:22 PM org.opentcs.guing.storage.ModelValidator errorOccurred
INFO: : Invalid name "".
Dec 19, 2017 3:50:22 PM org.opentcs.guing.storage.ModelValidator validatePath
WARNING: Point-001 --- Point-002: Length property is 0.0 but has to be > 0. Setting it to 1.
Dec 19, 2017 3:50:22 PM org.opentcs.guing.storage.ModelValidator validatePath
WARNING: Point-001 --- Point-002: Costs property is 0 but has to be > 0. Setting it to 1.
Dec 19, 2017 3:50:22 PM org.opentcs.guing.storage.ModelValidator errorOccurred
INFO: Point-001 --- Point-002: Path connection type does not exist.
Dec 19, 2017 3:50:22 PM org.opentcs.guing.storage.ModelValidator errorOccurred
INFO: null: Start component "Point-001" does not exist.
Dec 19, 2017 3:50:22 PM org.opentcs.guing.storage.ModelValidator errorOccurred
INFO: null: End component "Point-002" does not exist.
Dec 19, 2017 3:50:22 PM org.opentcs.guing.storage.ModelValidator errorOccurred
INFO: VLayout-001: ScaleX property is not a valid double: abc.
Dec 19, 2017 3:50:22 PM org.opentcs.guing.storage.ModelValidator errorOccurred
INFO: VLayout-001: ScaleY property is not a valid double: abc.
Dec 19, 2017 3:50:22 PM org.opentcs.guing.storage.ModelValidator errorOccurred
INFO: Location-001: The x value of the location label offset does not exist.
Dec 19, 2017 3:50:22 PM org.opentcs.guing.storage.ModelValidator errorOccurred
INFO: Location-001: The y value of the location label offset does not exist.
Dec 19, 2017 3:50:22 PM org.opentcs.guing.storage.ModelValidator errorOccurred
INFO: null: Start component "Point-001" does not exist.
Dec 19, 2017 3:50:22 PM org.opentcs.guing.storage.ModelValidator errorOccurred
INFO: null: End component "Point-002" does not exist.
Dec 19, 2017 3:50:22 PM org.opentcs.guing.storage.ModelValidator errorOccurred
INFO: Point-001: Vehicle orientation angle does not exist or null.
Dec 19, 2017 3:50:22 PM org.opentcs.guing.storage.ModelValidator validatePoint
WARNING: Point-001: Orientation angle property ('5') is not a number. Setting it to 0.
Dec 19, 2017 3:50:22 PM org.opentcs.guing.storage.ModelValidator errorOccurred
INFO: Point-001: Component name "Point-001" used multiple times.
Dec 19, 2017 3:50:22 PM org.opentcs.guing.storage.ModelValidator errorOccurred
INFO: Point-001 --- Point-002: Path routing cost does not exist.
Dec 19, 2017 3:50:22 PM org.opentcs.guing.storage.ModelValidator validatePoint
WARNING: Point-001: Orientation angle property ('5') is not a number. Setting it to 0.
Dec 19, 2017 3:50:22 PM org.opentcs.guing.storage.ModelValidator errorOccurred
INFO: Point-001: Invalid type of point "abc".
Dec 19, 2017 3:50:23 PM org.opentcs.guing.storage.ModelValidator errorOccurred
INFO: null: The model component to validate is null.
Dec 19, 2017 3:50:23 PM org.opentcs.guing.storage.ModelValidator errorOccurred
INFO: null: The system model is null.
Dec 19, 2017 3:50:23 PM org.opentcs.guing.storage.ModelValidator validatePoint
WARNING: Point-001: Orientation angle property ('5') is not a number. Setting it to 0.
Dec 19, 2017 3:50:23 PM org.opentcs.guing.storage.ModelValidator errorOccurred
INFO: Point-001: The x value of the model position does not exist.
Dec 19, 2017 3:50:23 PM org.opentcs.guing.storage.ModelValidator validatePoint
WARNING: Point-001: Orientation angle property ('5') is not a number. Setting it to 0.
Dec 19, 2017 3:50:23 PM org.opentcs.guing.storage.ModelValidator errorOccurred
INFO: Point-001: The x value of the point position does not exist.
Dec 19, 2017 3:50:23 PM org.opentcs.guing.storage.ModelValidator validatePoint
WARNING: Point-001: Orientation angle property ('5') is not a number. Setting it to 0.
Dec 19, 2017 3:50:23 PM org.opentcs.guing.storage.ModelValidator errorOccurred
INFO: Point-001: The y value of the point position does not exist.
Dec 19, 2017 3:50:23 PM org.opentcs.guing.storage.ModelValidator errorOccurred
INFO: Location-001: The x value of the model position is not an integer.
Dec 19, 2017 3:50:23 PM org.opentcs.guing.storage.ModelValidator errorOccurred
INFO: Location-001: The y value of the model position is not an integer.
Dec 19, 2017 3:50:23 PM org.opentcs.guing.storage.ModelValidator errorOccurred
INFO: VLayout-001: ScaleX property does not exist.
Dec 19, 2017 3:50:23 PM org.opentcs.guing.storage.ModelValidator errorOccurred
INFO: null: Start component "Point-001" does not exist.
Dec 19, 2017 3:50:23 PM org.opentcs.guing.storage.ModelValidator errorOccurred
INFO: null: End component "Point-002" does not exist.
Dec 19, 2017 3:50:23 PM org.opentcs.guing.storage.ModelValidator errorOccurred
INFO: Point-001 --- Point-002: Path control points do not exist.
Dec 19, 2017 3:50:23 PM org.opentcs.guing.storage.ModelValidator errorOccurred
INFO: null: Start component "Point-001" does not exist.
Dec 19, 2017 3:50:23 PM org.opentcs.guing.storage.ModelValidator errorOccurred
INFO: null: End component "Point-002" does not exist.
Dec 19, 2017 3:50:23 PM org.opentcs.guing.storage.ModelValidator validatePoint
WARNING: Point-001: Orientation angle property ('5') is not a number. Setting it to 0.
Dec 19, 2017 3:50:23 PM org.opentcs.guing.storage.ModelValidator errorOccurred
INFO: Point-001: The y value of the model position does not exist.
Dec 19, 2017 3:50:23 PM org.opentcs.guing.storage.ModelValidator validatePoint
WARNING: Point-001: Orientation angle property ('abc') is not a number. Setting it to 0.
Dec 19, 2017 3:50:23 PM org.opentcs.guing.storage.ModelValidator errorOccurred
INFO: Location-001: The x value of the location position is not an integer.
Dec 19, 2017 3:50:23 PM org.opentcs.guing.storage.ModelValidator errorOccurred
INFO: Location-001: The y value of the location position is not an integer.
Dec 19, 2017 3:50:23 PM org.opentcs.guing.storage.ModelValidator errorOccurred
INFO: null: Start component "Point-001" does not exist.
Dec 19, 2017 3:50:23 PM org.opentcs.guing.storage.ModelValidator errorOccurred
INFO: null: End component "Point-002" does not exist.
Dec 19, 2017 3:50:23 PM org.opentcs.guing.storage.ModelValidator errorOccurred
INFO: Point-001 --- Point-002: Path length does not exist.
Dec 19, 2017 3:50:23 PM org.opentcs.guing.storage.ModelValidator errorOccurred
INFO: null: Start component "Point-001" does not exist.
Dec 19, 2017 3:50:23 PM org.opentcs.guing.storage.ModelValidator errorOccurred
INFO: null: End component "Point-002" does not exist.
Dec 19, 2017 3:50:23 PM org.opentcs.guing.storage.ModelValidator errorOccurred
INFO: Point-001 --- Point-002: Locked property does not exist.
Dec 19, 2017 3:50:23 PM org.opentcs.guing.storage.ModelValidator errorOccurred
INFO: Point-001: Vehicle orientation angle does not exist or null.
Dec 19, 2017 3:50:23 PM org.opentcs.guing.storage.ModelValidator errorOccurred
INFO: Ladestation: Allowed operations does not exist.
]]></system-err>
</testsuite>
