<?xml version="1.0" encoding="UTF-8"?>
<testsuite name="org.opentcs.guing.components.properties.SpeedPropertyTest" tests="7" skipped="0" failures="0" errors="0" timestamp="2018-01-13T16:14:24" hostname="DESKTOP-UBTRRGA" time="0.032">
  <properties/>
  <testcase name="speedPropertyNoBlank" classname="org.opentcs.guing.components.properties.SpeedPropertyTest" time="0.0"/>
  <testcase name="speedPropertyNegativeValue" classname="org.opentcs.guing.components.properties.SpeedPropertyTest" time="0.016"/>
  <testcase name="speedPropertyUnknownUnit" classname="org.opentcs.guing.components.properties.SpeedPropertyTest" time="0.0"/>
  <testcase name="speedPropertyEmtpy" classname="org.opentcs.guing.components.properties.SpeedPropertyTest" time="0.0"/>
  <testcase name="speedPropertyUnits" classname="org.opentcs.guing.components.properties.SpeedPropertyTest" time="0.0"/>
  <testcase name="speedPropertyConversion" classname="org.opentcs.guing.components.properties.SpeedPropertyTest" time="0.0"/>
  <testcase name="speedPropertyTest" classname="org.opentcs.guing.components.properties.SpeedPropertyTest" time="0.016"/>
  <system-out><![CDATA[]]></system-out>
  <system-err><![CDATA[]]></system-err>
</testsuite>
