<?xml version="1.0" encoding="UTF-8"?>
<testsuite name="org.opentcs.guing.components.properties.LengthPropertyTest" tests="7" skipped="0" failures="0" errors="0" timestamp="2017-12-19T10:20:18" hostname="DESKTOP-UBTRRGA" time="0.039">
  <properties/>
  <testcase name="coordinatePropertyTest" classname="org.opentcs.guing.components.properties.LengthPropertyTest" time="0.007"/>
  <testcase name="lengthPropertyTest" classname="org.opentcs.guing.components.properties.LengthPropertyTest" time="0.008"/>
  <testcase name="lengthPropertyUnknownUnit" classname="org.opentcs.guing.components.properties.LengthPropertyTest" time="0.008"/>
  <testcase name="lengthPropertyEmtpy" classname="org.opentcs.guing.components.properties.LengthPropertyTest" time="0.004"/>
  <testcase name="lengthPropertyUnits" classname="org.opentcs.guing.components.properties.LengthPropertyTest" time="0.006"/>
  <testcase name="lengthPropertyNegativeValue" classname="org.opentcs.guing.components.properties.LengthPropertyTest" time="0.003"/>
  <testcase name="lengthPropertyNoBlank" classname="org.opentcs.guing.components.properties.LengthPropertyTest" time="0.003"/>
  <system-out><![CDATA[]]></system-out>
  <system-err><![CDATA[]]></system-err>
</testsuite>
