<?xml version="1.0" encoding="UTF-8"?>
<testsuite name="org.opentcs.guing.components.properties.type.MergedPropertySuggestionsTest" tests="3" skipped="0" failures="0" errors="0" timestamp="2017-11-03T09:20:42" hostname="DESKTOP-UBTRRGA" time="0.031">
  <properties/>
  <testcase name="shouldRemainEmptyForEmptySuggestions" classname="org.opentcs.guing.components.properties.type.MergedPropertySuggestionsTest" time="0.016"/>
  <testcase name="shouldRemainEmptyForNoSuggestions" classname="org.opentcs.guing.components.properties.type.MergedPropertySuggestionsTest" time="0.0"/>
  <testcase name="shouldMergeSuggestions" classname="org.opentcs.guing.components.properties.type.MergedPropertySuggestionsTest" time="0.015"/>
  <system-out><![CDATA[]]></system-out>
  <system-err><![CDATA[]]></system-err>
</testsuite>
